2026-02-09 11:10:45,060 [main] INFO  o.s.t.c.s.AnnotationConfigContextLoaderUtils       - Could not detect default configuration classes for test class [com.org.jayanth.BookManagementApplicationTests]: BookManagementApplicationTests does not declare any static, non-private, non-final, nested classes annotated with @Configuration.
2026-02-09 11:10:45,769 [main] INFO  o.s.b.t.c.SpringBootTestContextBootstrapper        - Found @SpringBootConfiguration com.org.jayanth.BookManagementApplication for test class com.org.jayanth.BookManagementApplicationTests
2026-02-09 11:10:46,936 [main] INFO  o.s.b.d.r.RestartApplicationListener               - Restart disabled due to context in which it is running
2026-02-09 11:10:48,175 [background-preinit] INFO  o.h.validator.internal.util.Version                - HV000001: Hibernate Validator 8.0.3.Final
2026-02-09 11:10:48,430 [main] INFO  c.o.j.BookManagementApplicationTests               - Starting BookManagementApplicationTests using Java 21.0.6 with PID 38880 (started by jayanth.yadavalli in C:\Users\jayanth.yadavalli\OneDrive - ascendion\Desktop\desktop files\BookLibrary\BookManagement)
2026-02-09 11:10:48,433 [main] INFO  c.o.j.BookManagementApplicationTests               - No active profile set, falling back to 1 default profile: "default"
2026-02-09 11:10:55,987 [main] INFO  o.s.d.r.c.RepositoryConfigurationDelegate          - Bootstrapping Spring Data JPA repositories in DEFAULT mode.
2026-02-09 11:10:56,884 [main] INFO  o.s.d.r.c.RepositoryConfigurationDelegate          - Finished Spring Data repository scanning in 812 ms. Found 9 JPA repository interfaces.
2026-02-09 11:11:01,170 [main] INFO  o.hibernate.jpa.internal.util.LogHelper            - HHH000204: Processing PersistenceUnitInfo [name: default]
2026-02-09 11:11:01,700 [main] INFO  org.hibernate.Version                              - HHH000412: Hibernate ORM core version 6.6.33.Final
2026-02-09 11:11:02,049 [main] INFO  o.h.c.internal.RegionFactoryInitiator              - HHH000026: Second-level cache disabled
2026-02-09 11:11:05,349 [main] INFO  o.s.o.j.p.SpringPersistenceUnitInfo                - No LoadTimeWeaver setup: ignoring JPA class transformer
2026-02-09 11:11:05,780 [main] INFO  com.zaxxer.hikari.HikariDataSource                 - HikariPool-1 - Starting...
2026-02-09 11:11:10,395 [main] INFO  com.zaxxer.hikari.pool.HikariPool                  - HikariPool-1 - Added connection com.mysql.cj.jdbc.ConnectionImpl@3810e141
2026-02-09 11:11:10,412 [main] INFO  com.zaxxer.hikari.HikariDataSource                 - HikariPool-1 - Start completed.
2026-02-09 11:11:11,943 [main] INFO  org.hibernate.orm.connections.pooling              - HHH10001005: Database info:
	Database JDBC URL [Connecting through datasource 'HikariDataSource (HikariPool-1)']
	Database driver: undefined/unknown
	Database version: 8.0.42
	Autocommit mode: undefined/unknown
	Isolation level: undefined/unknown
	Minimum pool size: undefined/unknown
	Maximum pool size: undefined/unknown
2026-02-09 11:11:20,998 [main] INFO  o.h.e.t.j.p.i.JtaPlatformInitiator                 - HHH000489: No JTA platform available (set 'hibernate.transaction.jta.platform' to enable JTA platform integration)
2026-02-09 11:11:22,115 [main] INFO  o.s.o.j.LocalContainerEntityManagerFactoryBean     - Initialized JPA EntityManagerFactory for persistence unit 'default'
2026-02-09 11:11:24,216 [main] INFO  o.s.s.c.a.a.c.InitializeUserDetailsBeanManagerConfigurer$InitializeUserDetailsManagerConfigurer - Global AuthenticationManager configured with UserDetailsService bean with name customUserDetailsService
2026-02-09 11:11:24,361 [main] INFO  o.s.d.j.r.query.QueryEnhancerFactory               - Hibernate is in classpath; If applicable, HQL parser will be used.
2026-02-09 11:11:28,457 [main] WARN  o.s.b.a.o.j.JpaBaseConfiguration$JpaWebConfiguration - spring.jpa.open-in-view is enabled by default. Therefore, database queries may be performed during view rendering. Explicitly configure spring.jpa.open-in-view to disable this warning
2026-02-09 11:11:32,006 [main] INFO  c.o.j.BookManagementApplicationTests               - Started BookManagementApplicationTests in 45.184 seconds (process running for 60.977)
2026-02-09 11:11:46,729 [main] INFO  o.s.t.c.s.AnnotationConfigContextLoaderUtils       - Could not detect default configuration classes for test class [com.org.jayanth.controller.AddressControllerTest]: AddressControllerTest does not declare any static, non-private, non-final, nested classes annotated with @Configuration.
2026-02-09 11:11:46,905 [main] INFO  o.s.b.t.c.SpringBootTestContextBootstrapper        - Found @SpringBootConfiguration com.org.jayanth.BookManagementApplication for test class com.org.jayanth.controller.AddressControllerTest
2026-02-09 11:11:46,916 [main] INFO  o.s.b.d.r.RestartApplicationListener               - Restart disabled due to context in which it is running
2026-02-09 11:11:47,011 [main] INFO  c.o.j.controller.AddressControllerTest             - Starting AddressControllerTest using Java 21.0.6 with PID 38880 (started by jayanth.yadavalli in C:\Users\jayanth.yadavalli\OneDrive - ascendion\Desktop\desktop files\BookLibrary\BookManagement)
2026-02-09 11:11:47,011 [main] INFO  c.o.j.controller.AddressControllerTest             - No active profile set, falling back to 1 default profile: "default"
2026-02-09 11:11:48,635 [main] WARN  o.s.b.a.s.s.UserDetailsServiceAutoConfiguration    - 

Using generated security password: fbd74be8-b46b-4251-8418-a97b553426dd

This generated password is for development use only. Your security configuration must be updated before running your application in production.

2026-02-09 11:11:48,642 [main] INFO  o.s.s.c.a.a.c.InitializeUserDetailsBeanManagerConfigurer$InitializeUserDetailsManagerConfigurer - Global AuthenticationManager configured with UserDetailsService bean with name inMemoryUserDetailsManager
2026-02-09 11:11:48,879 [main] INFO  o.s.b.t.m.w.SpringBootMockServletContext           - Initializing Spring TestDispatcherServlet ''
2026-02-09 11:11:48,880 [main] INFO  o.s.t.web.servlet.TestDispatcherServlet            - Initializing Servlet ''
2026-02-09 11:11:48,882 [main] INFO  o.s.t.web.servlet.TestDispatcherServlet            - Completed initialization in 1 ms
2026-02-09 11:11:48,904 [main] INFO  c.o.j.controller.AddressControllerTest             - Started AddressControllerTest in 1.988 seconds (process running for 77.876)
2026-02-09 11:11:49,683 [main] INFO  c.o.jayanth.controller.AddressController           - update address request initiated for null 
2026-02-09 11:11:49,698 [main] INFO  c.o.jayanth.controller.AddressController           - update address request successfull
2026-02-09 11:11:49,916 [main] INFO  c.o.jayanth.controller.AddressController           - addRequest started null
2026-02-09 11:11:49,917 [main] INFO  c.o.jayanth.controller.AddressController           - addRequest successfull
2026-02-09 11:11:49,983 [main] INFO  c.o.jayanth.controller.AddressController           - delete address request initiated
2026-02-09 11:11:49,985 [main] INFO  c.o.jayanth.controller.AddressController           - delete address request successfull
2026-02-09 11:11:50,017 [main] INFO  c.o.jayanth.controller.AddressController           - getAddress by id 1 started for null
2026-02-09 11:11:50,018 [main] INFO  c.o.jayanth.controller.AddressController           - getAddress by id 1 successfull
2026-02-09 11:11:50,058 [main] INFO  c.o.jayanth.controller.AddressController           - set default address request initiated for null
2026-02-09 11:11:50,060 [main] INFO  c.o.jayanth.controller.AddressController           - set default address request is successfull
2026-02-09 11:11:50,079 [main] INFO  c.o.jayanth.controller.AddressController           - getAddress request initiated null
2026-02-09 11:11:50,080 [main] INFO  c.o.jayanth.controller.AddressController           - getAddress request successfull
2026-02-09 11:11:50,107 [main] INFO  o.s.t.c.s.AnnotationConfigContextLoaderUtils       - Could not detect default configuration classes for test class [com.org.jayanth.controller.BookControllerTest]: BookControllerTest does not declare any static, non-private, non-final, nested classes annotated with @Configuration.
2026-02-09 11:11:50,129 [main] INFO  o.s.b.t.c.SpringBootTestContextBootstrapper        - Found @SpringBootConfiguration com.org.jayanth.BookManagementApplication for test class com.org.jayanth.controller.BookControllerTest
2026-02-09 11:11:50,137 [main] INFO  o.s.b.d.r.RestartApplicationListener               - Restart disabled due to context in which it is running
2026-02-09 11:11:50,193 [main] INFO  c.o.j.controller.BookControllerTest                - Starting BookControllerTest using Java 21.0.6 with PID 38880 (started by jayanth.yadavalli in C:\Users\jayanth.yadavalli\OneDrive - ascendion\Desktop\desktop files\BookLibrary\BookManagement)
2026-02-09 11:11:50,194 [main] INFO  c.o.j.controller.BookControllerTest                - No active profile set, falling back to 1 default profile: "default"
2026-02-09 11:11:51,157 [main] WARN  o.s.b.a.s.s.UserDetailsServiceAutoConfiguration    - 

Using generated security password: 82cbfa87-c7db-4ec3-90cc-b8b203d4676c

This generated password is for development use only. Your security configuration must be updated before running your application in production.

2026-02-09 11:11:51,158 [main] INFO  o.s.s.c.a.a.c.InitializeUserDetailsBeanManagerConfigurer$InitializeUserDetailsManagerConfigurer - Global AuthenticationManager configured with UserDetailsService bean with name inMemoryUserDetailsManager
2026-02-09 11:11:51,174 [main] INFO  o.s.b.t.m.w.SpringBootMockServletContext           - Initializing Spring TestDispatcherServlet ''
2026-02-09 11:11:51,175 [main] INFO  o.s.t.web.servlet.TestDispatcherServlet            - Initializing Servlet ''
2026-02-09 11:11:51,175 [main] INFO  o.s.t.web.servlet.TestDispatcherServlet            - Completed initialization in 0 ms
2026-02-09 11:11:51,185 [main] INFO  c.o.j.controller.BookControllerTest                - Started BookControllerTest in 1.048 seconds (process running for 80.155)
2026-02-09 11:11:51,224 [main] INFO  c.org.jayanth.controller.BookController            - Get book by author request is initiated
2026-02-09 11:11:51,225 [main] INFO  c.org.jayanth.controller.BookController            - Get book by author request is successfull
2026-02-09 11:11:51,290 [main] INFO  c.org.jayanth.controller.BookController            - Admin request - update stock bookId=1 qty=10
2026-02-09 11:11:51,291 [main] INFO  c.org.jayanth.controller.BookController            - stock updated successfully
2026-02-09 11:11:51,317 [main] INFO  c.org.jayanth.controller.BookController            - search book request has been initiated with keyword spring
2026-02-09 11:11:51,318 [main] INFO  c.org.jayanth.controller.BookController            - search book request is successfull
2026-02-09 11:11:51,339 [main] INFO  c.org.jayanth.controller.BookController            - Get all books request initiated
2026-02-09 11:11:51,339 [main] INFO  c.org.jayanth.controller.BookController            - Get all books request is successfull
2026-02-09 11:11:51,378 [main] INFO  c.org.jayanth.controller.BookController            - Admin request - update book id: 1
2026-02-09 11:11:51,379 [main] INFO  c.org.jayanth.controller.BookController            - Admin request book updated successfully
2026-02-09 11:11:51,407 [main] INFO  c.org.jayanth.controller.BookController            - Get Book by Id initiated for book => 1
2026-02-09 11:11:51,408 [main] INFO  c.org.jayanth.controller.BookController            - Get book by id request is successfull
2026-02-09 11:11:51,444 [main] INFO  c.org.jayanth.controller.BookController            - Admin request - create book: Spring Boot
2026-02-09 11:11:51,444 [main] INFO  c.org.jayanth.controller.BookController            - Book Spring Boot created successfully
2026-02-09 11:11:51,463 [main] INFO  c.org.jayanth.controller.BookController            - Admin request - delete book id: 1
2026-02-09 11:11:51,464 [main] INFO  c.org.jayanth.controller.BookController            - Admin request - book deleted successfully
2026-02-09 11:11:51,483 [main] INFO  c.org.jayanth.controller.BookController            - books by category request - categoryid 1
2026-02-09 11:11:51,484 [main] INFO  c.org.jayanth.controller.BookController            - books by category request - categoryid 1 is successfull
2026-02-09 11:11:52,282 [main] INFO  c.org.jayanth.service.AddressServiceImpl           - Get address by id initiated | user=test@gmail.com addressId=1
2026-02-09 11:11:52,285 [main] INFO  c.org.jayanth.service.AddressServiceImpl           - Get address by id successful | user=test@gmail.com addressId=1
2026-02-09 11:11:52,335 [main] INFO  c.org.jayanth.service.AddressServiceImpl           - Update address initiated | user=test@gmail.com addressId=1
2026-02-09 11:11:52,339 [main] INFO  c.org.jayanth.service.AddressServiceImpl           - Update address successful | user=test@gmail.com addressId=1
2026-02-09 11:11:52,349 [main] INFO  c.org.jayanth.service.AddressServiceImpl           - Add address initiated | user=test@gmail.com
2026-02-09 11:11:52,351 [main] INFO  c.org.jayanth.service.AddressServiceImpl           - Clear default address initiated | userId=1
2026-02-09 11:11:52,352 [main] INFO  c.org.jayanth.service.AddressServiceImpl           - Clear default address successful | userId=1
2026-02-09 11:11:52,353 [main] INFO  c.org.jayanth.service.AddressServiceImpl           - Add address successful | user=test@gmail.com addressId=1
2026-02-09 11:11:52,361 [main] INFO  c.org.jayanth.service.AddressServiceImpl           - Delete address initiated | user=test@gmail.com addressId=1
2026-02-09 11:11:52,364 [main] INFO  c.org.jayanth.service.AddressServiceImpl           - Delete address successful | user=test@gmail.com addressId=1
2026-02-09 11:11:52,372 [main] INFO  c.org.jayanth.service.AddressServiceImpl           - Get user addresses initiated | user=test@gmail.com
2026-02-09 11:11:52,374 [main] INFO  c.org.jayanth.service.AddressServiceImpl           - Get user addresses successful | user=test@gmail.com count=2
2026-02-09 11:11:52,383 [main] INFO  c.org.jayanth.service.AddressServiceImpl           - Set default address initiated | user=test@gmail.com addressId=1
2026-02-09 11:11:52,385 [main] INFO  c.org.jayanth.service.AddressServiceImpl           - Clear default address initiated | userId=1
2026-02-09 11:11:52,386 [main] INFO  c.org.jayanth.service.AddressServiceImpl           - Clear default address successful | userId=1
2026-02-09 11:11:52,386 [main] INFO  c.org.jayanth.service.AddressServiceImpl           - Set default address successful | user=test@gmail.com addressId=1
2026-02-09 11:11:52,643 [SpringApplicationShutdownHook] INFO  o.s.o.j.LocalContainerEntityManagerFactoryBean     - Closing JPA EntityManagerFactory for persistence unit 'default'
2026-02-09 11:11:52,651 [SpringApplicationShutdownHook] INFO  com.zaxxer.hikari.HikariDataSource                 - HikariPool-1 - Shutdown initiated...
2026-02-09 11:11:52,681 [SpringApplicationShutdownHook] INFO  com.zaxxer.hikari.HikariDataSource                 - HikariPool-1 - Shutdown completed.
2026-02-09 11:22:10,381 [main] INFO  o.s.t.c.s.AnnotationConfigContextLoaderUtils       - Could not detect default configuration classes for test class [com.org.jayanth.BookManagementApplicationTests]: BookManagementApplicationTests does not declare any static, non-private, non-final, nested classes annotated with @Configuration.
2026-02-09 11:22:11,267 [main] INFO  o.s.b.t.c.SpringBootTestContextBootstrapper        - Found @SpringBootConfiguration com.org.jayanth.BookManagementApplication for test class com.org.jayanth.BookManagementApplicationTests
2026-02-09 11:22:13,004 [main] INFO  o.s.b.d.r.RestartApplicationListener               - Restart disabled due to context in which it is running
2026-02-09 11:22:14,873 [background-preinit] INFO  o.h.validator.internal.util.Version                - HV000001: Hibernate Validator 8.0.3.Final
2026-02-09 11:22:15,206 [main] INFO  c.o.j.BookManagementApplicationTests               - Starting BookManagementApplicationTests using Java 21.0.6 with PID 15244 (started by jayanth.yadavalli in C:\Users\jayanth.yadavalli\OneDrive - ascendion\Desktop\desktop files\BookLibrary\BookManagement)
2026-02-09 11:22:15,211 [main] INFO  c.o.j.BookManagementApplicationTests               - No active profile set, falling back to 1 default profile: "default"
2026-02-09 11:22:22,786 [main] INFO  o.s.d.r.c.RepositoryConfigurationDelegate          - Bootstrapping Spring Data JPA repositories in DEFAULT mode.
2026-02-09 11:22:23,641 [main] INFO  o.s.d.r.c.RepositoryConfigurationDelegate          - Finished Spring Data repository scanning in 754 ms. Found 9 JPA repository interfaces.
2026-02-09 11:22:28,194 [main] INFO  o.hibernate.jpa.internal.util.LogHelper            - HHH000204: Processing PersistenceUnitInfo [name: default]
2026-02-09 11:22:28,771 [main] INFO  org.hibernate.Version                              - HHH000412: Hibernate ORM core version 6.6.33.Final
2026-02-09 11:22:29,091 [main] INFO  o.h.c.internal.RegionFactoryInitiator              - HHH000026: Second-level cache disabled
2026-02-09 11:22:32,136 [main] INFO  o.s.o.j.p.SpringPersistenceUnitInfo                - No LoadTimeWeaver setup: ignoring JPA class transformer
2026-02-09 11:22:32,494 [main] INFO  com.zaxxer.hikari.HikariDataSource                 - HikariPool-1 - Starting...
2026-02-09 11:22:36,679 [main] INFO  com.zaxxer.hikari.pool.HikariPool                  - HikariPool-1 - Added connection com.mysql.cj.jdbc.ConnectionImpl@52cd1595
2026-02-09 11:22:36,699 [main] INFO  com.zaxxer.hikari.HikariDataSource                 - HikariPool-1 - Start completed.
2026-02-09 11:22:38,170 [main] INFO  org.hibernate.orm.connections.pooling              - HHH10001005: Database info:
	Database JDBC URL [Connecting through datasource 'HikariDataSource (HikariPool-1)']
	Database driver: undefined/unknown
	Database version: 8.0.42
	Autocommit mode: undefined/unknown
	Isolation level: undefined/unknown
	Minimum pool size: undefined/unknown
	Maximum pool size: undefined/unknown
2026-02-09 11:22:47,422 [main] INFO  o.h.e.t.j.p.i.JtaPlatformInitiator                 - HHH000489: No JTA platform available (set 'hibernate.transaction.jta.platform' to enable JTA platform integration)
2026-02-09 11:22:48,310 [main] INFO  o.s.o.j.LocalContainerEntityManagerFactoryBean     - Initialized JPA EntityManagerFactory for persistence unit 'default'
2026-02-09 11:22:51,453 [main] INFO  o.s.s.c.a.a.c.InitializeUserDetailsBeanManagerConfigurer$InitializeUserDetailsManagerConfigurer - Global AuthenticationManager configured with UserDetailsService bean with name customUserDetailsService
2026-02-09 11:22:51,739 [main] INFO  o.s.d.j.r.query.QueryEnhancerFactory               - Hibernate is in classpath; If applicable, HQL parser will be used.
2026-02-09 11:22:57,987 [main] WARN  o.s.b.a.o.j.JpaBaseConfiguration$JpaWebConfiguration - spring.jpa.open-in-view is enabled by default. Therefore, database queries may be performed during view rendering. Explicitly configure spring.jpa.open-in-view to disable this warning
2026-02-09 11:23:03,332 [main] INFO  c.o.j.BookManagementApplicationTests               - Started BookManagementApplicationTests in 50.433 seconds (process running for 65.766)
2026-02-09 11:23:11,569 [main] INFO  o.s.t.c.s.AnnotationConfigContextLoaderUtils       - Could not detect default configuration classes for test class [com.org.jayanth.controller.AddressControllerTest]: AddressControllerTest does not declare any static, non-private, non-final, nested classes annotated with @Configuration.
2026-02-09 11:23:11,913 [main] INFO  o.s.b.t.c.SpringBootTestContextBootstrapper        - Found @SpringBootConfiguration com.org.jayanth.BookManagementApplication for test class com.org.jayanth.controller.AddressControllerTest
2026-02-09 11:23:11,927 [main] INFO  o.s.b.d.r.RestartApplicationListener               - Restart disabled due to context in which it is running
2026-02-09 11:23:12,098 [main] INFO  c.o.j.controller.AddressControllerTest             - Starting AddressControllerTest using Java 21.0.6 with PID 15244 (started by jayanth.yadavalli in C:\Users\jayanth.yadavalli\OneDrive - ascendion\Desktop\desktop files\BookLibrary\BookManagement)
2026-02-09 11:23:12,099 [main] INFO  c.o.j.controller.AddressControllerTest             - No active profile set, falling back to 1 default profile: "default"
2026-02-09 11:23:14,687 [main] WARN  o.s.b.a.s.s.UserDetailsServiceAutoConfiguration    - 

Using generated security password: 333e99ef-4656-4ae6-b90c-740c768a5ac0

This generated password is for development use only. Your security configuration must be updated before running your application in production.

2026-02-09 11:23:14,703 [main] INFO  o.s.s.c.a.a.c.InitializeUserDetailsBeanManagerConfigurer$InitializeUserDetailsManagerConfigurer - Global AuthenticationManager configured with UserDetailsService bean with name inMemoryUserDetailsManager
2026-02-09 11:23:15,018 [main] INFO  o.s.b.t.m.w.SpringBootMockServletContext           - Initializing Spring TestDispatcherServlet ''
2026-02-09 11:23:15,020 [main] INFO  o.s.t.web.servlet.TestDispatcherServlet            - Initializing Servlet ''
2026-02-09 11:23:15,022 [main] INFO  o.s.t.web.servlet.TestDispatcherServlet            - Completed initialization in 2 ms
2026-02-09 11:23:15,059 [main] INFO  c.o.j.controller.AddressControllerTest             - Started AddressControllerTest in 3.133 seconds (process running for 77.493)
2026-02-09 11:23:16,204 [main] INFO  c.o.jayanth.controller.AddressController           - update address request initiated for null 
2026-02-09 11:23:16,226 [main] INFO  c.o.jayanth.controller.AddressController           - update address request successfull
2026-02-09 11:23:16,562 [main] INFO  c.o.jayanth.controller.AddressController           - addRequest started null
2026-02-09 11:23:16,564 [main] INFO  c.o.jayanth.controller.AddressController           - addRequest successfull
2026-02-09 11:23:16,620 [main] INFO  c.o.jayanth.controller.AddressController           - delete address request initiated
2026-02-09 11:23:16,622 [main] INFO  c.o.jayanth.controller.AddressController           - delete address request successfull
2026-02-09 11:23:16,656 [main] INFO  c.o.jayanth.controller.AddressController           - getAddress by id 1 started for null
2026-02-09 11:23:16,657 [main] INFO  c.o.jayanth.controller.AddressController           - getAddress by id 1 successfull
2026-02-09 11:23:16,709 [main] INFO  c.o.jayanth.controller.AddressController           - set default address request initiated for null
2026-02-09 11:23:16,710 [main] INFO  c.o.jayanth.controller.AddressController           - set default address request is successfull
2026-02-09 11:23:16,739 [main] INFO  c.o.jayanth.controller.AddressController           - getAddress request initiated null
2026-02-09 11:23:16,741 [main] INFO  c.o.jayanth.controller.AddressController           - getAddress request successfull
2026-02-09 11:23:16,791 [main] INFO  o.s.t.c.s.AnnotationConfigContextLoaderUtils       - Could not detect default configuration classes for test class [com.org.jayanth.controller.BookControllerTest]: BookControllerTest does not declare any static, non-private, non-final, nested classes annotated with @Configuration.
2026-02-09 11:23:16,831 [main] INFO  o.s.b.t.c.SpringBootTestContextBootstrapper        - Found @SpringBootConfiguration com.org.jayanth.BookManagementApplication for test class com.org.jayanth.controller.BookControllerTest
2026-02-09 11:23:16,844 [main] INFO  o.s.b.d.r.RestartApplicationListener               - Restart disabled due to context in which it is running
2026-02-09 11:23:16,982 [main] INFO  c.o.j.controller.BookControllerTest                - Starting BookControllerTest using Java 21.0.6 with PID 15244 (started by jayanth.yadavalli in C:\Users\jayanth.yadavalli\OneDrive - ascendion\Desktop\desktop files\BookLibrary\BookManagement)
2026-02-09 11:23:16,983 [main] INFO  c.o.j.controller.BookControllerTest                - No active profile set, falling back to 1 default profile: "default"
2026-02-09 11:23:18,861 [main] WARN  o.s.b.a.s.s.UserDetailsServiceAutoConfiguration    - 

Using generated security password: 3b82173c-3451-4afd-a21f-ba89eb0e3775

This generated password is for development use only. Your security configuration must be updated before running your application in production.

2026-02-09 11:23:18,863 [main] INFO  o.s.s.c.a.a.c.InitializeUserDetailsBeanManagerConfigurer$InitializeUserDetailsManagerConfigurer - Global AuthenticationManager configured with UserDetailsService bean with name inMemoryUserDetailsManager
2026-02-09 11:23:18,897 [main] INFO  o.s.b.t.m.w.SpringBootMockServletContext           - Initializing Spring TestDispatcherServlet ''
2026-02-09 11:23:18,898 [main] INFO  o.s.t.web.servlet.TestDispatcherServlet            - Initializing Servlet ''
2026-02-09 11:23:18,899 [main] INFO  o.s.t.web.servlet.TestDispatcherServlet            - Completed initialization in 1 ms
2026-02-09 11:23:18,912 [main] INFO  c.o.j.controller.BookControllerTest                - Started BookControllerTest in 2.069 seconds (process running for 81.346)
2026-02-09 11:23:18,950 [main] INFO  c.org.jayanth.controller.BookController            - Get book by author request is initiated
2026-02-09 11:23:18,952 [main] INFO  c.org.jayanth.controller.BookController            - Get book by author request is successfull
2026-02-09 11:23:19,025 [main] INFO  c.org.jayanth.controller.BookController            - Admin request - update stock bookId=1 qty=10
2026-02-09 11:23:19,027 [main] INFO  c.org.jayanth.controller.BookController            - stock updated successfully
2026-02-09 11:23:19,057 [main] INFO  c.org.jayanth.controller.BookController            - search book request has been initiated with keyword spring
2026-02-09 11:23:19,058 [main] INFO  c.org.jayanth.controller.BookController            - search book request is successfull
2026-02-09 11:23:19,081 [main] INFO  c.org.jayanth.controller.BookController            - Get all books request initiated
2026-02-09 11:23:19,082 [main] INFO  c.org.jayanth.controller.BookController            - Get all books request is successfull
2026-02-09 11:23:19,133 [main] INFO  c.org.jayanth.controller.BookController            - Admin request - update book id: 1
2026-02-09 11:23:19,134 [main] INFO  c.org.jayanth.controller.BookController            - Admin request book updated successfully
2026-02-09 11:23:19,186 [main] INFO  c.org.jayanth.controller.BookController            - Get Book by Id initiated for book => 1
2026-02-09 11:23:19,188 [main] INFO  c.org.jayanth.controller.BookController            - Get book by id request is successfull
2026-02-09 11:23:19,256 [main] INFO  c.org.jayanth.controller.BookController            - Admin request - create book: Spring Boot
2026-02-09 11:23:19,257 [main] INFO  c.org.jayanth.controller.BookController            - Book Spring Boot created successfully
2026-02-09 11:23:19,284 [main] INFO  c.org.jayanth.controller.BookController            - Admin request - delete book id: 1
2026-02-09 11:23:19,285 [main] INFO  c.org.jayanth.controller.BookController            - Admin request - book deleted successfully
2026-02-09 11:23:19,318 [main] INFO  c.org.jayanth.controller.BookController            - books by category request - categoryid 1
2026-02-09 11:23:19,320 [main] INFO  c.org.jayanth.controller.BookController            - books by category request - categoryid 1 is successfull
2026-02-09 11:23:20,565 [main] INFO  c.org.jayanth.service.AddressServiceImpl           - Get address by id initiated | user=test@gmail.com addressId=1
2026-02-09 11:23:20,569 [main] INFO  c.org.jayanth.service.AddressServiceImpl           - Get address by id successful | user=test@gmail.com addressId=1
2026-02-09 11:23:20,606 [main] INFO  c.org.jayanth.service.AddressServiceImpl           - Update address initiated | user=test@gmail.com addressId=1
2026-02-09 11:23:20,610 [main] INFO  c.org.jayanth.service.AddressServiceImpl           - Update address successful | user=test@gmail.com addressId=1
2026-02-09 11:23:20,623 [main] INFO  c.org.jayanth.service.AddressServiceImpl           - Add address initiated | user=test@gmail.com
2026-02-09 11:23:20,625 [main] INFO  c.org.jayanth.service.AddressServiceImpl           - Clear default address initiated | userId=1
2026-02-09 11:23:20,626 [main] INFO  c.org.jayanth.service.AddressServiceImpl           - Clear default address successful | userId=1
2026-02-09 11:23:20,627 [main] INFO  c.org.jayanth.service.AddressServiceImpl           - Add address successful | user=test@gmail.com addressId=1
2026-02-09 11:23:20,643 [main] INFO  c.org.jayanth.service.AddressServiceImpl           - Delete address initiated | user=test@gmail.com addressId=1
2026-02-09 11:23:20,648 [main] INFO  c.org.jayanth.service.AddressServiceImpl           - Delete address successful | user=test@gmail.com addressId=1
2026-02-09 11:23:20,661 [main] INFO  c.org.jayanth.service.AddressServiceImpl           - Get user addresses initiated | user=test@gmail.com
2026-02-09 11:23:20,665 [main] INFO  c.org.jayanth.service.AddressServiceImpl           - Get user addresses successful | user=test@gmail.com count=2
2026-02-09 11:23:20,684 [main] INFO  c.org.jayanth.service.AddressServiceImpl           - Set default address initiated | user=test@gmail.com addressId=1
2026-02-09 11:23:20,689 [main] INFO  c.org.jayanth.service.AddressServiceImpl           - Clear default address initiated | userId=1
2026-02-09 11:23:20,690 [main] INFO  c.org.jayanth.service.AddressServiceImpl           - Clear default address successful | userId=1
2026-02-09 11:23:20,692 [main] INFO  c.org.jayanth.service.AddressServiceImpl           - Set default address successful | user=test@gmail.com addressId=1
2026-02-09 11:23:20,719 [main] INFO  o.s.t.c.s.AnnotationConfigContextLoaderUtils       - Could not detect default configuration classes for test class [com.org.jayanth.service.BookServiceImplTest]: BookServiceImplTest does not declare any static, non-private, non-final, nested classes annotated with @Configuration.
2026-02-09 11:23:20,907 [main] INFO  o.s.b.t.c.SpringBootTestContextBootstrapper        - Found @SpringBootConfiguration com.org.jayanth.BookManagementApplication for test class com.org.jayanth.service.BookServiceImplTest
2026-02-09 11:23:21,677 [main] INFO  com.org.jayanth.service.BookServiceImpl            - Get book stock initiated | bookId=1
2026-02-09 11:23:21,678 [main] INFO  com.org.jayanth.service.BookServiceImpl            - Find book by id initiated | bookId=1
2026-02-09 11:23:21,681 [main] INFO  com.org.jayanth.service.BookServiceImpl            - Find book by id successful | bookId=1
2026-02-09 11:23:21,682 [main] INFO  com.org.jayanth.service.BookServiceImpl            - Get book stock successful | bookId=1 stock=20
2026-02-09 11:23:21,724 [main] INFO  com.org.jayanth.service.BookServiceImpl            - Add book initiated | title=Spring Boot isbn=ISBN123
2026-02-09 11:23:21,728 [main] INFO  com.org.jayanth.service.BookServiceImpl            - Check ISBN existence | isbn=ISBN123
2026-02-09 11:23:21,729 [main] INFO  com.org.jayanth.service.BookServiceImpl            - Check ISBN existence result | isbn=ISBN123 exists=false
2026-02-09 11:23:21,730 [main] INFO  com.org.jayanth.service.BookServiceImpl            - Add book successful | bookId=null title=Spring Boot
2026-02-09 11:23:21,772 [main] INFO  com.org.jayanth.service.BookServiceImpl            - Find books by category initiated | categoryId=1
2026-02-09 11:23:21,776 [main] INFO  com.org.jayanth.service.BookServiceImpl            - Find books by category successful | categoryId=1 count=1
2026-02-09 11:23:21,815 [main] INFO  com.org.jayanth.service.BookServiceImpl            - Get books by author initiated | author=Jayanth
2026-02-09 11:23:21,816 [main] INFO  com.org.jayanth.service.BookServiceImpl            - Get books by author successful | author=Jayanth count=1
2026-02-09 11:23:21,849 [main] INFO  com.org.jayanth.service.BookServiceImpl            - Update book stock initiated | bookId=1 quantity=3
2026-02-09 11:23:21,850 [main] INFO  com.org.jayanth.service.BookServiceImpl            - Find book by id initiated | bookId=1
2026-02-09 11:23:21,851 [main] INFO  com.org.jayanth.service.BookServiceImpl            - Find book by id successful | bookId=1
2026-02-09 11:23:21,854 [main] INFO  com.org.jayanth.service.BookServiceImpl            - Update book stock successful | bookId=1 updatedStock=7
2026-02-09 11:23:21,882 [main] INFO  com.org.jayanth.service.BookServiceImpl            - Search books initiated | keyword=java
2026-02-09 11:23:21,884 [main] INFO  com.org.jayanth.service.BookServiceImpl            - Search books successful | keyword=java count=2
2026-02-09 11:23:21,913 [main] INFO  com.org.jayanth.service.BookServiceImpl            - Find book by id initiated | bookId=1
2026-02-09 11:23:21,914 [main] INFO  com.org.jayanth.service.BookServiceImpl            - Find book by id successful | bookId=1
2026-02-09 11:23:21,954 [main] INFO  com.org.jayanth.service.BookServiceImpl            - Get all books initiated
2026-02-09 11:23:21,958 [main] INFO  com.org.jayanth.service.BookServiceImpl            - Get all books successful | count=2
2026-02-09 11:23:21,999 [main] INFO  com.org.jayanth.service.BookServiceImpl            - Update book initiated | bookId=1
2026-02-09 11:23:22,000 [main] INFO  com.org.jayanth.service.BookServiceImpl            - Find book by id initiated | bookId=1
2026-02-09 11:23:22,000 [main] INFO  com.org.jayanth.service.BookServiceImpl            - Find book by id successful | bookId=1
2026-02-09 11:23:22,001 [main] INFO  com.org.jayanth.service.BookServiceImpl            - Update book successful | bookId=1
2026-02-09 11:23:22,038 [main] INFO  com.org.jayanth.service.BookServiceImpl            - Check book availability | bookId=1
2026-02-09 11:23:22,039 [main] INFO  com.org.jayanth.service.BookServiceImpl            - Book availability result | bookId=1 available=true
2026-02-09 11:23:22,067 [main] INFO  com.org.jayanth.service.BookServiceImpl            - Check ISBN existence | isbn=ISBN123
2026-02-09 11:23:22,067 [main] INFO  com.org.jayanth.service.BookServiceImpl            - Check ISBN existence result | isbn=ISBN123 exists=true
2026-02-09 11:23:22,092 [main] INFO  com.org.jayanth.service.BookServiceImpl            - Delete book initiated | bookId=1
2026-02-09 11:23:22,093 [main] INFO  com.org.jayanth.service.BookServiceImpl            - Find book by id initiated | bookId=1
2026-02-09 11:23:22,094 [main] INFO  com.org.jayanth.service.BookServiceImpl            - Find book by id successful | bookId=1
2026-02-09 11:23:22,094 [main] INFO  com.org.jayanth.service.BookServiceImpl            - Delete book successful | bookId=1
2026-02-09 11:23:22,530 [SpringApplicationShutdownHook] INFO  o.s.o.j.LocalContainerEntityManagerFactoryBean     - Closing JPA EntityManagerFactory for persistence unit 'default'
2026-02-09 11:23:22,551 [SpringApplicationShutdownHook] INFO  com.zaxxer.hikari.HikariDataSource                 - HikariPool-1 - Shutdown initiated...
2026-02-09 11:23:22,624 [SpringApplicationShutdownHook] INFO  com.zaxxer.hikari.HikariDataSource                 - HikariPool-1 - Shutdown completed.
